Determining if the pthread_create exist failed with the following output:
Change Dir: /mnt/hgfs/catakin_proj/build/CMakeFiles/CMakeTmp

Run Build Command:"/usr/bin/make" "cmTC_ca51a/fast"
/usr/bin/make -f CMakeFiles/cmTC_ca51a.dir/build.make CMakeFiles/cmTC_ca51a.dir/build
make[1]: Entering directory '/mnt/hgfs/catakin_proj/build/CMakeFiles/CMakeTmp'
Building C object CMakeFiles/cmTC_ca51a.dir/CheckSymbolExists.c.o
/usr/bin/cc     -o CMakeFiles/cmTC_ca51a.dir/CheckSymbolExists.c.o   -c /mnt/hgfs/catakin_proj/build/CMakeFiles/CMakeTmp/CheckSymbolExists.c
Linking C executable cmTC_ca51a
/usr/bin/cmake -E cmake_link_script CMakeFiles/cmTC_ca51a.dir/link.txt --verbose=1
/usr/bin/cc       CMakeFiles/cmTC_ca51a.dir/CheckSymbolExists.c.o  -o cmTC_ca51a -rdynamic 
CMakeFiles/cmTC_ca51a.dir/CheckSymbolExists.c.o: In function `main':
CheckSymbolExists.c:(.text+0x16): undefined reference to `pthread_create'
collect2: error: ld returned 1 exit status
CMakeFiles/cmTC_ca51a.dir/build.make:97: recipe for target 'cmTC_ca51a' failed
make[1]: *** [cmTC_ca51a] Error 1
make[1]: Leaving directory '/mnt/hgfs/catakin_proj/build/CMakeFiles/CMakeTmp'
Makefile:126: recipe for target 'cmTC_ca51a/fast' failed
make: *** [cmTC_ca51a/fast] Error 2

File /mnt/hgfs/catakin_proj/build/CMakeFiles/CMakeTmp/CheckSymbolExists.c:
/* */
#include <pthread.h>

int main(int argc, char** argv)
{
  (void)argv;
#ifndef pthread_create
  return ((int*)(&pthread_create))[argc];
#else
  (void)argc;
  return 0;
#endif
}

Determining if the function pthread_create exists in the pthreads failed with the following output:
Change Dir: /mnt/hgfs/catakin_proj/build/CMakeFiles/CMakeTmp

Run Build Command:"/usr/bin/make" "cmTC_fbfa8/fast"
/usr/bin/make -f CMakeFiles/cmTC_fbfa8.dir/build.make CMakeFiles/cmTC_fbfa8.dir/build
make[1]: Entering directory '/mnt/hgfs/catakin_proj/build/CMakeFiles/CMakeTmp'
Building C object CMakeFiles/cmTC_fbfa8.dir/CheckFunctionExists.c.o
/usr/bin/cc    -DCHECK_FUNCTION_EXISTS=pthread_create   -o CMakeFiles/cmTC_fbfa8.dir/CheckFunctionExists.c.o   -c /usr/share/cmake-3.5/Modules/CheckFunctionExists.c
Linking C executable cmTC_fbfa8
/usr/bin/cmake -E cmake_link_script CMakeFiles/cmTC_fbfa8.dir/link.txt --verbose=1
/usr/bin/cc   -DCHECK_FUNCTION_EXISTS=pthread_create    CMakeFiles/cmTC_fbfa8.dir/CheckFunctionExists.c.o  -o cmTC_fbfa8 -rdynamic -lpthreads 
/usr/bin/ld: cannot find -lpthreads
collect2: error: ld returned 1 exit status
CMakeFiles/cmTC_fbfa8.dir/build.make:97: recipe for target 'cmTC_fbfa8' failed
make[1]: *** [cmTC_fbfa8] Error 1
make[1]: Leaving directory '/mnt/hgfs/catakin_proj/build/CMakeFiles/CMakeTmp'
Makefile:126: recipe for target 'cmTC_fbfa8/fast' failed
make: *** [cmTC_fbfa8/fast] Error 2


